<?xml version='1.0' encoding='UTF-8'?>
<testsuite hostname="localhost.localdomain" name="com.company.IntCombinatorTest" tests="8" errors="0" failures="0" skipped="0" time="0.093">
                     <properties>
[...]
</properties>
                     <testcase classname="com.company.IntCombinatorTest" name="semigroup associative" time="0.059">
                                                 
                                               </testcase><testcase classname="com.company.IntCombinatorTest" name="semigroup combineAllOption" time="0.012">
                                                 
                                               </testcase><testcase classname="com.company.IntCombinatorTest" name="semigroup repeat1" time="0.005">
                                                 
                                               </testcase><testcase classname="com.company.IntCombinatorTest" name="semigroup repeat2" time="0.004">
                                                 
                                               </testcase><testcase classname="com.company.IntCombinatorTest" name="semigroup associative" time="0.003">
                                                 
                                               </testcase><testcase classname="com.company.IntCombinatorTest" name="semigroup combineAllOption" time="0.005">
                                                 
                                               </testcase><testcase classname="com.company.IntCombinatorTest" name="semigroup repeat1" time="0.002">
                                                 
                                               </testcase><testcase classname="com.company.IntCombinatorTest" name="semigroup repeat2" time="0.003">
                                                 
                                               </testcase>
                     <system-out><![CDATA[]]></system-out>
                     <system-err><![CDATA[]]></system-err>
                   </testsuite>